<?xml version="1.0" encoding="UTF-8"?>
<testsuite xmlns:xsi="http://www.w3.org/2001/XMLSchema-instance" xsi:noNamespaceSchemaLocation="https://maven.apache.org/surefire/maven-surefire-plugin/xsd/surefire-test-report-3.0.xsd" version="3.0" name="market.controller.backend.StorageControllerTest" time="0.916" tests="3" errors="0" skipped="0" failures="0">
  <properties>
[...]
</properties>
  <testcase name="getStorageUnits_Available" classname="market.controller.backend.StorageControllerTest" time="0.083">
    <system-out><![CDATA[2025-01-25 16:17:58,592 INFO  [main] o.s.b.t.a.w.s.WebMvcTestContextBootstrapper - Neither @ContextConfiguration nor @ContextHierarchy found for test class [market.controller.backend.StorageControllerTest], using SpringBootContextLoader
2025-01-25 16:17:58,593 INFO  [main] o.s.t.c.s.AbstractContextLoader - Could not detect default resource locations for test class [market.controller.backend.StorageControllerTest]: no resource found for suffixes {-context.xml, Context.groovy}.
2025-01-25 16:17:58,593 INFO  [main] o.s.t.c.s.AnnotationConfigContextLoaderUtils - Could not detect default configuration classes for test class [market.controller.backend.StorageControllerTest]: StorageControllerTest does not declare any static, non-private, non-final, nested classes annotated with @Configuration.
2025-01-25 16:17:58,595 INFO  [main] o.s.b.t.c.SpringBootTestContextBootstrapper - Found @SpringBootConfiguration market.controller.Application for test class market.controller.backend.StorageControllerTest
2025-01-25 16:17:58,596 INFO  [main] o.s.b.t.a.w.s.WebMvcTestContextBootstrapper - Loaded default TestExecutionListener class names from location [META-INF/spring.factories]: [org.springframework.boot.test.mock.mockito.MockitoTestExecutionListener, org.springframework.boot.test.mock.mockito.ResetMocksTestExecutionListener, org.springframework.boot.test.autoconfigure.restdocs.RestDocsTestExecutionListener, org.springframework.boot.test.autoconfigure.web.client.MockRestServiceServerResetTestExecutionListener, org.springframework.boot.test.autoconfigure.web.servlet.MockMvcPrintOnlyOnFailureTestExecutionListener, org.springframework.boot.test.autoconfigure.web.servlet.WebDriverTestExecutionListener, org.springframework.boot.test.autoconfigure.webservices.client.MockWebServiceServerTestExecutionListener, org.springframework.test.context.web.ServletTestExecutionListener, org.springframework.test.context.support.DirtiesContextBeforeModesTestExecutionListener, org.springframework.test.context.event.ApplicationEventsTestExecutionListener, org.springframework.test.context.support.DependencyInjectionTestExecutionListener, org.springframework.test.context.support.DirtiesContextTestExecutionListener, org.springframework.test.context.transaction.TransactionalTestExecutionListener, org.springframework.test.context.jdbc.SqlScriptsTestExecutionListener, org.springframework.test.context.event.EventPublishingTestExecutionListener]
2025-01-25 16:17:58,596 INFO  [main] o.s.b.t.a.w.s.WebMvcTestContextBootstrapper - Using TestExecutionListeners: [org.springframework.test.context.web.ServletTestExecutionListener@6bc26806, org.springframework.test.context.support.DirtiesContextBeforeModesTestExecutionListener@328f03a7, org.springframework.test.context.event.ApplicationEventsTestExecutionListener@63cf575, org.springframework.boot.test.mock.mockito.MockitoTestExecutionListener@5f9c5c88, org.springframework.boot.test.autoconfigure.SpringBootDependencyInjectionTestExecutionListener@27e68d25, org.springframework.test.context.support.DirtiesContextTestExecutionListener@6d3e3045, org.springframework.test.context.transaction.TransactionalTestExecutionListener@cc8e7ca, org.springframework.test.context.jdbc.SqlScriptsTestExecutionListener@310d92c7, org.springframework.test.context.event.EventPublishingTestExecutionListener@2211be66, org.springframework.boot.test.mock.mockito.ResetMocksTestExecutionListener@3eb10e79, org.springframework.boot.test.autoconfigure.restdocs.RestDocsTestExecutionListener@758c58d2, org.springframework.boot.test.autoconfigure.web.client.MockRestServiceServerResetTestExecutionListener@284a670e, org.springframework.boot.test.autoconfigure.web.servlet.MockMvcPrintOnlyOnFailureTestExecutionListener@7870eef, org.springframework.boot.test.autoconfigure.web.servlet.WebDriverTestExecutionListener@31730aa0, org.springframework.boot.test.autoconfigure.webservices.client.MockWebServiceServerTestExecutionListener@262e8e94]

  .   ____          _            __ _ _
 /\\ / ___'_ __ _ _(_)_ __  __ _ \ \ \ \
( ( )\___ | '_ | '_| | '_ \/ _` | \ \ \ \
 \\/  ___)| |_)| | | | | || (_| |  ) ) ) )
  '  |____| .__|_| |_|_| |_\__, | / / / /
 =========|_|==============|___/=/_/_/_/
 :: Spring Boot ::                (v2.4.3)

2025-01-25 16:17:58,684 INFO  [main] m.c.b.StorageControllerTest - Starting StorageControllerTest using Java 11.0.25 on daniela-VirtualBox with PID 82542 (started by daniela in /home/daniela/Downloads/EMB-master/jdk_11_maven/cs/rest-gui/market/market-web)
2025-01-25 16:17:58,685 DEBUG [main] m.c.b.StorageControllerTest - Running with Spring Boot v2.4.3, Spring v5.3.4
2025-01-25 16:17:58,687 INFO  [main] m.c.b.StorageControllerTest - No active profile set, falling back to default profiles: default
2025-01-25 16:17:58,713 WARN  [main] o.s.b.c.c.ConfigDataEnvironment - Property 'spring.profiles' imported from location 'class path resource [application.yml]' is invalid and should be replaced with 'spring.config.activate.on-profile' [origin: class path resource [application.yml] - 41:13]
2025-01-25 16:17:58,714 WARN  [main] o.s.b.c.c.ConfigDataEnvironment - Property 'spring.profiles' imported from location 'class path resource [application.yml]' is invalid and should be replaced with 'spring.config.activate.on-profile' [origin: class path resource [application.yml] - 24:13]
2025-01-25 16:17:59,053 INFO  [main] o.s.s.c.ThreadPoolTaskExecutor - Initializing ExecutorService 'applicationTaskExecutor'
2025-01-25 16:17:59,094 INFO  [main] o.s.b.a.w.s.WelcomePageHandlerMapping - Adding welcome page template: index
2025-01-25 16:17:59,259 INFO  [main] o.s.b.a.s.s.UserDetailsServiceAutoConfiguration - 

Using generated security password: b051f4c9-4ded-4d0f-aa82-2be25f220671

2025-01-25 16:17:59,309 INFO  [main] o.s.s.w.DefaultSecurityFilterChain - Will secure any request with [org.springframework.security.web.context.request.async.WebAsyncManagerIntegrationFilter@4af8e595, org.springframework.security.web.context.SecurityContextPersistenceFilter@56be8c1, org.springframework.security.web.header.HeaderWriterFilter@52a44f2c, org.springframework.security.web.csrf.CsrfFilter@a9110d8, org.springframework.security.web.authentication.logout.LogoutFilter@1a2821da, org.springframework.security.web.authentication.UsernamePasswordAuthenticationFilter@7f33171d, org.springframework.security.web.authentication.ui.DefaultLoginPageGeneratingFilter@40f7cfa8, org.springframework.security.web.authentication.ui.DefaultLogoutPageGeneratingFilter@46455b22, org.springframework.security.web.authentication.www.BasicAuthenticationFilter@18273c31, org.springframework.security.web.savedrequest.RequestCacheAwareFilter@460380cf, org.springframework.security.web.servletapi.SecurityContextHolderAwareRequestFilter@362e6a0c, org.springframework.security.web.authentication.AnonymousAuthenticationFilter@21a92708, org.springframework.security.web.session.SessionManagementFilter@77e3f26, org.springframework.security.web.access.ExceptionTranslationFilter@65b4d3f0, org.springframework.security.web.access.intercept.FilterSecurityInterceptor@1f02667e]
2025-01-25 16:17:59,338 INFO  [main] o.s.b.t.m.w.SpringBootMockServletContext - Initializing Spring TestDispatcherServlet ''
2025-01-25 16:17:59,338 INFO  [main] o.s.t.w.s.TestDispatcherServlet - Initializing Servlet ''
2025-01-25 16:17:59,339 INFO  [main] o.s.t.w.s.TestDispatcherServlet - Completed initialization in 1 ms
2025-01-25 16:17:59,347 INFO  [main] m.c.b.StorageControllerTest - Started StorageControllerTest in 0.745 seconds (JVM running for 11.574)
2025-01-25 16:17:59,358 INFO  [main] o.s.m.w.MockServletContext - Initializing Spring TestDispatcherServlet ''
2025-01-25 16:17:59,358 INFO  [main] o.s.t.w.s.TestDispatcherServlet - Initializing Servlet ''
2025-01-25 16:17:59,358 INFO  [main] o.s.t.w.s.TestDispatcherServlet - Completed initialization in 0 ms
]]></system-out>
  </testcase>
  <testcase name="getStorageUnits" classname="market.controller.backend.StorageControllerTest" time="0.053">
    <system-out><![CDATA[2025-01-25 16:17:59,482 INFO  [main] o.s.m.w.MockServletContext - Initializing Spring TestDispatcherServlet ''
2025-01-25 16:17:59,482 INFO  [main] o.s.t.w.s.TestDispatcherServlet - Initializing Servlet ''
2025-01-25 16:17:59,482 INFO  [main] o.s.t.w.s.TestDispatcherServlet - Completed initialization in 0 ms
]]></system-out>
  </testcase>
  <testcase name="postStorage" classname="market.controller.backend.StorageControllerTest" time="0.017">
    <system-out><![CDATA[2025-01-25 16:17:59,495 INFO  [main] o.s.m.w.MockServletContext - Initializing Spring TestDispatcherServlet ''
2025-01-25 16:17:59,495 INFO  [main] o.s.t.w.s.TestDispatcherServlet - Initializing Servlet ''
2025-01-25 16:17:59,495 INFO  [main] o.s.t.w.s.TestDispatcherServlet - Completed initialization in 0 ms
]]></system-out>
  </testcase>
</testsuite>