<?xml version="1.0" encoding="UTF-8"?>
<testsuite xmlns:xsi="http://www.w3.org/2001/XMLSchema-instance" xsi:noNamespaceSchemaLocation="https://maven.apache.org/surefire/maven-surefire-plugin/xsd/surefire-test-report-3.0.xsd" version="3.0" name="market.controller.backend.ProductControllerTest" time="1.169" tests="7" errors="0" skipped="0" failures="0">
  <properties>
[...]
</properties>
  <testcase name="allProducts_byDistillery" classname="market.controller.backend.ProductControllerTest" time="0.015">
    <system-out><![CDATA[2025-01-25 16:17:55,667 INFO  [main] o.s.b.t.a.w.s.WebMvcTestContextBootstrapper - Neither @ContextConfiguration nor @ContextHierarchy found for test class [market.controller.backend.ProductControllerTest], using SpringBootContextLoader
2025-01-25 16:17:55,673 INFO  [main] o.s.t.c.s.AbstractContextLoader - Could not detect default resource locations for test class [market.controller.backend.ProductControllerTest]: no resource found for suffixes {-context.xml, Context.groovy}.
2025-01-25 16:17:55,673 INFO  [main] o.s.t.c.s.AnnotationConfigContextLoaderUtils - Could not detect default configuration classes for test class [market.controller.backend.ProductControllerTest]: ProductControllerTest does not declare any static, non-private, non-final, nested classes annotated with @Configuration.
2025-01-25 16:17:55,677 INFO  [main] o.s.b.t.c.SpringBootTestContextBootstrapper - Found @SpringBootConfiguration market.controller.Application for test class market.controller.backend.ProductControllerTest
2025-01-25 16:17:55,678 INFO  [main] o.s.b.t.a.w.s.WebMvcTestContextBootstrapper - Loaded default TestExecutionListener class names from location [META-INF/spring.factories]: [org.springframework.boot.test.mock.mockito.MockitoTestExecutionListener, org.springframework.boot.test.mock.mockito.ResetMocksTestExecutionListener, org.springframework.boot.test.autoconfigure.restdocs.RestDocsTestExecutionListener, org.springframework.boot.test.autoconfigure.web.client.MockRestServiceServerResetTestExecutionListener, org.springframework.boot.test.autoconfigure.web.servlet.MockMvcPrintOnlyOnFailureTestExecutionListener, org.springframework.boot.test.autoconfigure.web.servlet.WebDriverTestExecutionListener, org.springframework.boot.test.autoconfigure.webservices.client.MockWebServiceServerTestExecutionListener, org.springframework.test.context.web.ServletTestExecutionListener, org.springframework.test.context.support.DirtiesContextBeforeModesTestExecutionListener, org.springframework.test.context.event.ApplicationEventsTestExecutionListener, org.springframework.test.context.support.DependencyInjectionTestExecutionListener, org.springframework.test.context.support.DirtiesContextTestExecutionListener, org.springframework.test.context.transaction.TransactionalTestExecutionListener, org.springframework.test.context.jdbc.SqlScriptsTestExecutionListener, org.springframework.test.context.event.EventPublishingTestExecutionListener]
2025-01-25 16:17:55,678 INFO  [main] o.s.b.t.a.w.s.WebMvcTestContextBootstrapper - Using TestExecutionListeners: [org.springframework.test.context.web.ServletTestExecutionListener@6b118680, org.springframework.test.context.support.DirtiesContextBeforeModesTestExecutionListener@3162e222, org.springframework.test.context.event.ApplicationEventsTestExecutionListener@45594ad4, org.springframework.boot.test.mock.mockito.MockitoTestExecutionListener@4b4eece8, org.springframework.boot.test.autoconfigure.SpringBootDependencyInjectionTestExecutionListener@2c0c5687, org.springframework.test.context.support.DirtiesContextTestExecutionListener@a59c2d6, org.springframework.test.context.transaction.TransactionalTestExecutionListener@55936a3, org.springframework.test.context.jdbc.SqlScriptsTestExecutionListener@39cca34c, org.springframework.test.context.event.EventPublishingTestExecutionListener@77ba729c, org.springframework.boot.test.mock.mockito.ResetMocksTestExecutionListener@33b151cf, org.springframework.boot.test.autoconfigure.restdocs.RestDocsTestExecutionListener@7f118534, org.springframework.boot.test.autoconfigure.web.client.MockRestServiceServerResetTestExecutionListener@239b8f59, org.springframework.boot.test.autoconfigure.web.servlet.MockMvcPrintOnlyOnFailureTestExecutionListener@7912724, org.springframework.boot.test.autoconfigure.web.servlet.WebDriverTestExecutionListener@3e972130, org.springframework.boot.test.autoconfigure.webservices.client.MockWebServiceServerTestExecutionListener@4ddc2bf3]

  .   ____          _            __ _ _
 /\\ / ___'_ __ _ _(_)_ __  __ _ \ \ \ \
( ( )\___ | '_ | '_| | '_ \/ _` | \ \ \ \
 \\/  ___)| |_)| | | | | || (_| |  ) ) ) )
  '  |____| .__|_| |_|_| |_\__, | / / / /
 =========|_|==============|___/=/_/_/_/
 :: Spring Boot ::                (v2.4.3)

2025-01-25 16:17:55,719 INFO  [main] m.c.b.ProductControllerTest - Starting ProductControllerTest using Java 11.0.25 on daniela-VirtualBox with PID 82542 (started by daniela in /home/daniela/Downloads/EMB-master/jdk_11_maven/cs/rest-gui/market/market-web)
2025-01-25 16:17:55,736 DEBUG [main] m.c.b.ProductControllerTest - Running with Spring Boot v2.4.3, Spring v5.3.4
2025-01-25 16:17:55,739 INFO  [main] m.c.b.ProductControllerTest - No active profile set, falling back to default profiles: default
2025-01-25 16:17:55,755 WARN  [main] o.s.b.c.c.ConfigDataEnvironment - Property 'spring.profiles' imported from location 'class path resource [application.yml]' is invalid and should be replaced with 'spring.config.activate.on-profile' [origin: class path resource [application.yml] - 41:13]
2025-01-25 16:17:55,758 WARN  [main] o.s.b.c.c.ConfigDataEnvironment - Property 'spring.profiles' imported from location 'class path resource [application.yml]' is invalid and should be replaced with 'spring.config.activate.on-profile' [origin: class path resource [application.yml] - 24:13]
2025-01-25 16:17:56,175 INFO  [main] o.s.s.c.ThreadPoolTaskExecutor - Initializing ExecutorService 'applicationTaskExecutor'
2025-01-25 16:17:56,190 INFO  [main] o.s.b.a.w.s.WelcomePageHandlerMapping - Adding welcome page template: index
2025-01-25 16:17:56,274 INFO  [main] o.s.b.a.s.s.UserDetailsServiceAutoConfiguration - 

Using generated security password: e5777a90-ba4c-48da-afd7-66cfb4ccfefe

2025-01-25 16:17:56,316 INFO  [main] o.s.s.w.DefaultSecurityFilterChain - Will secure any request with [org.springframework.security.web.context.request.async.WebAsyncManagerIntegrationFilter@2e27b0b2, org.springframework.security.web.context.SecurityContextPersistenceFilter@3fcbcea, org.springframework.security.web.header.HeaderWriterFilter@1cd80de2, org.springframework.security.web.csrf.CsrfFilter@752e8e44, org.springframework.security.web.authentication.logout.LogoutFilter@42d6f75e, org.springframework.security.web.authentication.UsernamePasswordAuthenticationFilter@10e58da9, org.springframework.security.web.authentication.ui.DefaultLoginPageGeneratingFilter@6a250421, org.springframework.security.web.authentication.ui.DefaultLogoutPageGeneratingFilter@946658d, org.springframework.security.web.authentication.www.BasicAuthenticationFilter@7bf92bcc, org.springframework.security.web.savedrequest.RequestCacheAwareFilter@709b0805, org.springframework.security.web.servletapi.SecurityContextHolderAwareRequestFilter@2c70bce9, org.springframework.security.web.authentication.AnonymousAuthenticationFilter@35f229c9, org.springframework.security.web.session.SessionManagementFilter@2a15e54, org.springframework.security.web.access.ExceptionTranslationFilter@5e95b020, org.springframework.security.web.access.intercept.FilterSecurityInterceptor@8b5fe6d]
2025-01-25 16:17:56,339 INFO  [main] o.s.b.t.m.w.SpringBootMockServletContext - Initializing Spring TestDispatcherServlet ''
2025-01-25 16:17:56,339 INFO  [main] o.s.t.w.s.TestDispatcherServlet - Initializing Servlet ''
2025-01-25 16:17:56,340 INFO  [main] o.s.t.w.s.TestDispatcherServlet - Completed initialization in 1 ms
2025-01-25 16:17:56,346 INFO  [main] m.c.b.ProductControllerTest - Started ProductControllerTest in 0.665 seconds (JVM running for 8.574)
2025-01-25 16:17:56,358 INFO  [main] o.s.m.w.MockServletContext - Initializing Spring TestDispatcherServlet ''
2025-01-25 16:17:56,358 INFO  [main] o.s.t.w.s.TestDispatcherServlet - Initializing Servlet ''
2025-01-25 16:17:56,359 INFO  [main] o.s.t.w.s.TestDispatcherServlet - Completed initialization in 1 ms
]]></system-out>
  </testcase>
  <testcase name="allProducts" classname="market.controller.backend.ProductControllerTest" time="0.016">
    <system-out><![CDATA[2025-01-25 16:17:56,376 INFO  [main] o.s.m.w.MockServletContext - Initializing Spring TestDispatcherServlet ''
2025-01-25 16:17:56,376 INFO  [main] o.s.t.w.s.TestDispatcherServlet - Initializing Servlet ''
2025-01-25 16:17:56,376 INFO  [main] o.s.t.w.s.TestDispatcherServlet - Completed initialization in 0 ms
]]></system-out>
  </testcase>
  <testcase name="deleteProduct" classname="market.controller.backend.ProductControllerTest" time="0.07">
    <system-out><![CDATA[2025-01-25 16:17:56,451 INFO  [main] o.s.m.w.MockServletContext - Initializing Spring TestDispatcherServlet ''
2025-01-25 16:17:56,451 INFO  [main] o.s.t.w.s.TestDispatcherServlet - Initializing Servlet ''
2025-01-25 16:17:56,451 INFO  [main] o.s.t.w.s.TestDispatcherServlet - Completed initialization in 0 ms
]]></system-out>
  </testcase>
  <testcase name="putProduct" classname="market.controller.backend.ProductControllerTest" time="0.242">
    <system-out><![CDATA[2025-01-25 16:17:56,500 INFO  [main] o.s.m.w.MockServletContext - Initializing Spring TestDispatcherServlet ''
2025-01-25 16:17:56,501 INFO  [main] o.s.t.w.s.TestDispatcherServlet - Initializing Servlet ''
2025-01-25 16:17:56,501 INFO  [main] o.s.t.w.s.TestDispatcherServlet - Completed initialization in 0 ms
]]></system-out>
  </testcase>
  <testcase name="postProduct" classname="market.controller.backend.ProductControllerTest" time="0.054">
    <system-out><![CDATA[2025-01-25 16:17:56,746 INFO  [main] o.s.m.w.MockServletContext - Initializing Spring TestDispatcherServlet ''
2025-01-25 16:17:56,746 INFO  [main] o.s.t.w.s.TestDispatcherServlet - Initializing Servlet ''
2025-01-25 16:17:56,746 INFO  [main] o.s.t.w.s.TestDispatcherServlet - Completed initialization in 0 ms
]]></system-out>
  </testcase>
  <testcase name="newProduct" classname="market.controller.backend.ProductControllerTest" time="0.021">
    <system-out><![CDATA[2025-01-25 16:17:56,783 INFO  [main] o.s.m.w.MockServletContext - Initializing Spring TestDispatcherServlet ''
2025-01-25 16:17:56,783 INFO  [main] o.s.t.w.s.TestDispatcherServlet - Initializing Servlet ''
2025-01-25 16:17:56,783 INFO  [main] o.s.t.w.s.TestDispatcherServlet - Completed initialization in 0 ms
]]></system-out>
  </testcase>
  <testcase name="editProduct" classname="market.controller.backend.ProductControllerTest" time="0.045">
    <system-out><![CDATA[2025-01-25 16:17:56,800 INFO  [main] o.s.m.w.MockServletContext - Initializing Spring TestDispatcherServlet ''
2025-01-25 16:17:56,800 INFO  [main] o.s.t.w.s.TestDispatcherServlet - Initializing Servlet ''
2025-01-25 16:17:56,800 INFO  [main] o.s.t.w.s.TestDispatcherServlet - Completed initialization in 0 ms
]]></system-out>
  </testcase>
</testsuite>