<?xml version="1.0" encoding="UTF-8"?>
<testsuite xmlns:xsi="http://www.w3.org/2001/XMLSchema-instance" xsi:noNamespaceSchemaLocation="https://maven.apache.org/surefire/maven-surefire-plugin/xsd/surefire-test-report-3.0.xsd" version="3.0" name="market.controller.frontend.ShowcaseControllerTest" time="0.937" tests="5" errors="0" skipped="0" failures="0">
  <properties>
[...]
</properties>
  <testcase name="getRegionProducts_FilteredByDistillery" classname="market.controller.frontend.ShowcaseControllerTest" time="0.122">
    <system-out><![CDATA[2025-01-25 16:17:59,512 INFO  [main] o.s.b.t.a.w.s.WebMvcTestContextBootstrapper - Neither @ContextConfiguration nor @ContextHierarchy found for test class [market.controller.frontend.ShowcaseControllerTest], using SpringBootContextLoader
2025-01-25 16:17:59,518 INFO  [main] o.s.t.c.s.AbstractContextLoader - Could not detect default resource locations for test class [market.controller.frontend.ShowcaseControllerTest]: no resource found for suffixes {-context.xml, Context.groovy}.
2025-01-25 16:17:59,521 INFO  [main] o.s.t.c.s.AnnotationConfigContextLoaderUtils - Could not detect default configuration classes for test class [market.controller.frontend.ShowcaseControllerTest]: ShowcaseControllerTest does not declare any static, non-private, non-final, nested classes annotated with @Configuration.
2025-01-25 16:17:59,539 INFO  [main] o.s.b.t.c.SpringBootTestContextBootstrapper - Found @SpringBootConfiguration market.controller.Application for test class market.controller.frontend.ShowcaseControllerTest
2025-01-25 16:17:59,539 INFO  [main] o.s.b.t.a.w.s.WebMvcTestContextBootstrapper - Loaded default TestExecutionListener class names from location [META-INF/spring.factories]: [org.springframework.boot.test.mock.mockito.MockitoTestExecutionListener, org.springframework.boot.test.mock.mockito.ResetMocksTestExecutionListener, org.springframework.boot.test.autoconfigure.restdocs.RestDocsTestExecutionListener, org.springframework.boot.test.autoconfigure.web.client.MockRestServiceServerResetTestExecutionListener, org.springframework.boot.test.autoconfigure.web.servlet.MockMvcPrintOnlyOnFailureTestExecutionListener, org.springframework.boot.test.autoconfigure.web.servlet.WebDriverTestExecutionListener, org.springframework.boot.test.autoconfigure.webservices.client.MockWebServiceServerTestExecutionListener, org.springframework.test.context.web.ServletTestExecutionListener, org.springframework.test.context.support.DirtiesContextBeforeModesTestExecutionListener, org.springframework.test.context.event.ApplicationEventsTestExecutionListener, org.springframework.test.context.support.DependencyInjectionTestExecutionListener, org.springframework.test.context.support.DirtiesContextTestExecutionListener, org.springframework.test.context.transaction.TransactionalTestExecutionListener, org.springframework.test.context.jdbc.SqlScriptsTestExecutionListener, org.springframework.test.context.event.EventPublishingTestExecutionListener]
2025-01-25 16:17:59,540 INFO  [main] o.s.b.t.a.w.s.WebMvcTestContextBootstrapper - Using TestExecutionListeners: [org.springframework.test.context.web.ServletTestExecutionListener@2900cb71, org.springframework.test.context.support.DirtiesContextBeforeModesTestExecutionListener@5a84e9e1, org.springframework.test.context.event.ApplicationEventsTestExecutionListener@72cff665, org.springframework.boot.test.mock.mockito.MockitoTestExecutionListener@2d1e418c, org.springframework.boot.test.autoconfigure.SpringBootDependencyInjectionTestExecutionListener@2ea5c1d, org.springframework.test.context.support.DirtiesContextTestExecutionListener@7f5c6640, org.springframework.test.context.transaction.TransactionalTestExecutionListener@722ddb10, org.springframework.test.context.jdbc.SqlScriptsTestExecutionListener@2de0f6f8, org.springframework.test.context.event.EventPublishingTestExecutionListener@7d3a4ded, org.springframework.boot.test.mock.mockito.ResetMocksTestExecutionListener@61485a6c, org.springframework.boot.test.autoconfigure.restdocs.RestDocsTestExecutionListener@7d21e80e, org.springframework.boot.test.autoconfigure.web.client.MockRestServiceServerResetTestExecutionListener@575c8664, org.springframework.boot.test.autoconfigure.web.servlet.MockMvcPrintOnlyOnFailureTestExecutionListener@7826fc47, org.springframework.boot.test.autoconfigure.web.servlet.WebDriverTestExecutionListener@5b1e5215, org.springframework.boot.test.autoconfigure.webservices.client.MockWebServiceServerTestExecutionListener@290db0e0]

  .   ____          _            __ _ _
 /\\ / ___'_ __ _ _(_)_ __  __ _ \ \ \ \
( ( )\___ | '_ | '_| | '_ \/ _` | \ \ \ \
 \\/  ___)| |_)| | | | | || (_| |  ) ) ) )
  '  |____| .__|_| |_|_| |_\__, | / / / /
 =========|_|==============|___/=/_/_/_/
 :: Spring Boot ::                (v2.4.3)

2025-01-25 16:17:59,622 INFO  [main] m.c.f.ShowcaseControllerTest - Starting ShowcaseControllerTest using Java 11.0.25 on daniela-VirtualBox with PID 82542 (started by daniela in /home/daniela/Downloads/EMB-master/jdk_11_maven/cs/rest-gui/market/market-web)
2025-01-25 16:17:59,623 DEBUG [main] m.c.f.ShowcaseControllerTest - Running with Spring Boot v2.4.3, Spring v5.3.4
2025-01-25 16:17:59,623 INFO  [main] m.c.f.ShowcaseControllerTest - No active profile set, falling back to default profiles: default
2025-01-25 16:17:59,625 WARN  [main] o.s.b.c.c.ConfigDataEnvironment - Property 'spring.profiles' imported from location 'class path resource [application.yml]' is invalid and should be replaced with 'spring.config.activate.on-profile' [origin: class path resource [application.yml] - 41:13]
2025-01-25 16:17:59,625 WARN  [main] o.s.b.c.c.ConfigDataEnvironment - Property 'spring.profiles' imported from location 'class path resource [application.yml]' is invalid and should be replaced with 'spring.config.activate.on-profile' [origin: class path resource [application.yml] - 24:13]
2025-01-25 16:17:59,872 INFO  [main] o.s.s.c.ThreadPoolTaskExecutor - Initializing ExecutorService 'applicationTaskExecutor'
2025-01-25 16:17:59,892 INFO  [main] o.s.b.a.w.s.WelcomePageHandlerMapping - Adding welcome page template: index
2025-01-25 16:17:59,981 INFO  [main] o.s.b.a.s.s.UserDetailsServiceAutoConfiguration - 

Using generated security password: 35f56fd0-94ea-4f2e-bb6c-9624e3e8c72b

2025-01-25 16:18:00,085 INFO  [main] o.s.s.w.DefaultSecurityFilterChain - Will secure any request with [org.springframework.security.web.context.request.async.WebAsyncManagerIntegrationFilter@1f1b3169, org.springframework.security.web.context.SecurityContextPersistenceFilter@54017b46, org.springframework.security.web.header.HeaderWriterFilter@549ca3ca, org.springframework.security.web.csrf.CsrfFilter@1f986c48, org.springframework.security.web.authentication.logout.LogoutFilter@224c6005, org.springframework.security.web.authentication.UsernamePasswordAuthenticationFilter@362f6233, org.springframework.security.web.authentication.ui.DefaultLoginPageGeneratingFilter@1def8aaa, org.springframework.security.web.authentication.ui.DefaultLogoutPageGeneratingFilter@6cbc8b6e, org.springframework.security.web.authentication.www.BasicAuthenticationFilter@56ade782, org.springframework.security.web.savedrequest.RequestCacheAwareFilter@7908d294, org.springframework.security.web.servletapi.SecurityContextHolderAwareRequestFilter@48bbac8c, org.springframework.security.web.authentication.AnonymousAuthenticationFilter@214f4230, org.springframework.security.web.session.SessionManagementFilter@8a7bc36, org.springframework.security.web.access.ExceptionTranslationFilter@5c5e3f45, org.springframework.security.web.access.intercept.FilterSecurityInterceptor@12fc3519]
2025-01-25 16:18:00,124 INFO  [main] o.s.b.t.m.w.SpringBootMockServletContext - Initializing Spring TestDispatcherServlet ''
2025-01-25 16:18:00,124 INFO  [main] o.s.t.w.s.TestDispatcherServlet - Initializing Servlet ''
2025-01-25 16:18:00,125 INFO  [main] o.s.t.w.s.TestDispatcherServlet - Completed initialization in 1 ms
2025-01-25 16:18:00,130 INFO  [main] m.c.f.ShowcaseControllerTest - Started ShowcaseControllerTest in 0.588 seconds (JVM running for 12.357)
2025-01-25 16:18:00,148 INFO  [main] o.s.m.w.MockServletContext - Initializing Spring TestDispatcherServlet ''
2025-01-25 16:18:00,213 INFO  [main] o.s.t.w.s.TestDispatcherServlet - Initializing Servlet ''
2025-01-25 16:18:00,213 INFO  [main] o.s.t.w.s.TestDispatcherServlet - Completed initialization in 0 ms
]]></system-out>
  </testcase>
  <testcase name="getRegionProducts_SortedByAge_PageSize4" classname="market.controller.frontend.ShowcaseControllerTest" time="0.014">
    <system-out><![CDATA[2025-01-25 16:18:00,268 INFO  [main] o.s.m.w.MockServletContext - Initializing Spring TestDispatcherServlet ''
2025-01-25 16:18:00,269 INFO  [main] o.s.t.w.s.TestDispatcherServlet - Initializing Servlet ''
2025-01-25 16:18:00,269 INFO  [main] o.s.t.w.s.TestDispatcherServlet - Completed initialization in 0 ms
]]></system-out>
  </testcase>
  <testcase name="getRegionProducts_SortedByDistillery_AllProductsOnPage" classname="market.controller.frontend.ShowcaseControllerTest" time="0.03"/>
  <testcase name="getRegionProducts" classname="market.controller.frontend.ShowcaseControllerTest" time="0.068">
    <system-out><![CDATA[2025-01-25 16:18:00,294 INFO  [main] o.s.m.w.MockServletContext - Initializing Spring TestDispatcherServlet ''
2025-01-25 16:18:00,300 INFO  [main] o.s.t.w.s.TestDispatcherServlet - Initializing Servlet ''
2025-01-25 16:18:00,300 INFO  [main] o.s.t.w.s.TestDispatcherServlet - Completed initialization in 0 ms
2025-01-25 16:18:00,323 INFO  [main] o.s.m.w.MockServletContext - Initializing Spring TestDispatcherServlet ''
2025-01-25 16:18:00,335 INFO  [main] o.s.t.w.s.TestDispatcherServlet - Initializing Servlet ''
2025-01-25 16:18:00,335 INFO  [main] o.s.t.w.s.TestDispatcherServlet - Completed initialization in 0 ms
]]></system-out>
  </testcase>
  <testcase name="getRegionProducts_SortedByAge_PageSize4_Page2" classname="market.controller.frontend.ShowcaseControllerTest" time="0.052">
    <system-out><![CDATA[2025-01-25 16:18:00,384 INFO  [main] o.s.m.w.MockServletContext - Initializing Spring TestDispatcherServlet ''
2025-01-25 16:18:00,384 INFO  [main] o.s.t.w.s.TestDispatcherServlet - Initializing Servlet ''
2025-01-25 16:18:00,386 INFO  [main] o.s.t.w.s.TestDispatcherServlet - Completed initialization in 0 ms
]]></system-out>
  </testcase>
</testsuite>